{
  "RSpec": {
    "coverage": {
      "/Users/Ganney/Projects/Portfolio/week10/bank-tech-test/spec/bank_account_spec.rb": [
        1,
        null,
        1,
        4,
        null,
        1,
        1,
        1,
        1,
        null,
        null,
        1,
        1,
        1,
        1,
        null,
        null,
        1,
        2,
        null,
        null,
        null,
        null,
        null
      ],
      "/Users/Ganney/Projects/Portfolio/week10/bank-tech-test/lib/bank_account.rb": [
        1,
        null,
        1,
        3,
        null,
        null,
        1,
        2,
        null,
        null,
        1,
        4,
        3,
        null,
        null
      ]
    },
    "timestamp": 1566905025
  }
}
